[2019-12-15 21:50:15] local.ERROR: include(/home/vagrant/Laravel/swanseafootballers/vendor/composer/../../database/seeds/CoachesTableSeeder.php): failed to open stream: No such file or directory {"exception":"[object] (ErrorException(code: 0): include(/home/vagrant/Laravel/swanseafootballers/vendor/composer/../../database/seeds/CoachesTableSeeder.php): failed to open stream: No such file or directory at /home/vagrant/Laravel/swanseafootballers/vendor/composer/ClassLoader.php:444)
[stacktrace]
#0 /home/vagrant/Laravel/swanseafootballers/vendor/composer/ClassLoader.php(444): Illuminate\\Foundation\\Bootstrap\\HandleExceptions->handleError(2, 'include(/home/v...', '/home/vagrant/L...', 444, Array)
#1 /home/vagrant/Laravel/swanseafootballers/vendor/composer/ClassLoader.php(444): include()
#2 /home/vagrant/Laravel/swanseafootballers/vendor/composer/ClassLoader.php(322): Composer\\Autoload\\includeFile('/home/vagrant/L...')
#3 [internal function]: Composer\\Autoload\\ClassLoader->loadClass('CoachesTableSee...')
#4 [internal function]: spl_autoload_call('CoachesTableSee...')
#5 /home/vagrant/Laravel/swanseafootballers/vendor/laravel/framework/src/Illuminate/Container/Container.php(804): ReflectionClass->__construct('CoachesTableSee...')
#6 /home/vagrant/Laravel/swanseafootballers/vendor/laravel/framework/src/Illuminate/Container/Container.php(682): Illuminate\\Container\\Container->build('CoachesTableSee...')
#7 /home/vagrant/Laravel/swanseafootballers/vendor/laravel/framework/src/Illuminate/Container/Container.php(630): Illuminate\\Container\\Container->resolve('CoachesTableSee...', Array)
#8 /home/vagrant/Laravel/swanseafootballers/vendor/laravel/framework/src/Illuminate/Foundation/Application.php(768): Illuminate\\Container\\Container->make('CoachesTableSee...', Array)
#9 /home/vagrant/Laravel/swanseafootballers/vendor/laravel/framework/src/Illuminate/Database/Seeder.php(80): Illuminate\\Foundation\\Application->make('CoachesTableSee...')
#10 /home/vagrant/Laravel/swanseafootballers/vendor/laravel/framework/src/Illuminate/Database/Seeder.php(38): Illuminate\\Database\\Seeder->resolve('CoachesTableSee...')
#11 /home/vagrant/Laravel/swanseafootballers/database/seeds/DatabaseSeeder.php(14): Illuminate\\Database\\Seeder->call('CoachesTableSee...')
#12 [internal function]: DatabaseSeeder->run()
#13 /home/vagrant/Laravel/swanseafootballers/vendor/laravel/framework/src/Illuminate/Container/BoundMethod.php(32): call_user_func_array(Array, Array)
#14 /home/vagrant/Laravel/swanseafootballers/vendor/laravel/framework/src/Illuminate/Support/helpers.php(520): Illuminate\\Container\\BoundMethod::Illuminate\\Container\\{closure}()
#15 /home/vagrant/Laravel/swanseafootballers/vendor/laravel/framework/src/Illuminate/Container/BoundMethod.php(90): value(Object(Closure))
#16 /home/vagrant/Laravel/swanseafootballers/vendor/laravel/framework/src/Illuminate/Container/BoundMethod.php(34): Illuminate\\Container\\BoundMethod::callBoundMethod(Object(Illuminate\\Foundation\\Application), Array, Object(Closure))
#17 /home/vagrant/Laravel/swanseafootballers/vendor/laravel/framework/src/Illuminate/Container/Container.php(591): Illuminate\\Container\\BoundMethod::call(Object(Illuminate\\Foundation\\Application), Array, Array, NULL)
#18 /home/vagrant/Laravel/swanseafootballers/vendor/laravel/framework/src/Illuminate/Database/Seeder.php(134): Illuminate\\Container\\Container->call(Array)
#19 /home/vagrant/Laravel/swanseafootballers/vendor/laravel/framework/src/Illuminate/Database/Console/Seeds/SeedCommand.php(63): Illuminate\\Database\\Seeder->__invoke()
#20 /home/vagrant/Laravel/swanseafootballers/vendor/laravel/framework/src/Illuminate/Database/Eloquent/Concerns/GuardsAttributes.php(122): Illuminate\\Database\\Console\\Seeds\\SeedCommand->Illuminate\\Database\\Console\\Seeds\\{closure}()
#21 /home/vagrant/Laravel/swanseafootballers/vendor/laravel/framework/src/Illuminate/Database/Console/Seeds/SeedCommand.php(64): Illuminate\\Database\\Eloquent\\Model::unguarded(Object(Closure))
#22 [internal function]: Illuminate\\Database\\Console\\Seeds\\SeedCommand->handle()
#23 /home/vagrant/Laravel/swanseafootballers/vendor/laravel/framework/src/Illuminate/Container/BoundMethod.php(32): call_user_func_array(Array, Array)
#24 /home/vagrant/Laravel/swanseafootballers/vendor/laravel/framework/src/Illuminate/Support/helpers.php(520): Illuminate\\Container\\BoundMethod::Illuminate\\Container\\{closure}()
#25 /home/vagrant/Laravel/swanseafootballers/vendor/laravel/framework/src/Illuminate/Container/BoundMethod.php(90): value(Object(Closure))
#26 /home/vagrant/Laravel/swanseafootballers/vendor/laravel/framework/src/Illuminate/Container/BoundMethod.php(34): Illuminate\\Container\\BoundMethod::callBoundMethod(Object(Illuminate\\Foundation\\Application), Array, Object(Closure))
#27 /home/vagrant/Laravel/swanseafootballers/vendor/laravel/framework/src/Illuminate/Container/Container.php(591): Illuminate\\Container\\BoundMethod::call(Object(Illuminate\\Foundation\\Application), Array, Array, NULL)
#28 /home/vagrant/Laravel/swanseafootballers/vendor/laravel/framework/src/Illuminate/Console/Command.php(202): Illuminate\\Container\\Container->call(Array)
#29 /home/vagrant/Laravel/swanseafootballers/vendor/symfony/console/Command/Command.php(255): Illuminate\\Console\\Command->execute(Object(Symfony\\Component\\Console\\Input\\ArrayInput), Object(Illuminate\\Console\\OutputStyle))
#30 /home/vagrant/Laravel/swanseafootballers/vendor/laravel/framework/src/Illuminate/Console/Command.php(189): Symfony\\Component\\Console\\Command\\Command->run(Object(Symfony\\Component\\Console\\Input\\ArrayInput), Object(Illuminate\\Console\\OutputStyle))
#31 /home/vagrant/Laravel/swanseafootballers/vendor/laravel/framework/src/Illuminate/Console/Command.php(242): Illuminate\\Console\\Command->run(Object(Symfony\\Component\\Console\\Input\\ArrayInput), Object(Illuminate\\Console\\OutputStyle))
#32 /home/vagrant/Laravel/swanseafootballers/vendor/laravel/framework/src/Illuminate/Console/Command.php(214): Illuminate\\Console\\Command->runCommand('db:seed', Array, Object(Illuminate\\Console\\OutputStyle))
#33 /home/vagrant/Laravel/swanseafootballers/vendor/laravel/framework/src/Illuminate/Database/Console/Migrations/FreshCommand.php(79): Illuminate\\Console\\Command->call('db:seed', Array)
#34 /home/vagrant/Laravel/swanseafootballers/vendor/laravel/framework/src/Illuminate/Database/Console/Migrations/FreshCommand.php(56): Illuminate\\Database\\Console\\Migrations\\FreshCommand->runSeeder(NULL)
#35 [internal function]: Illuminate\\Database\\Console\\Migrations\\FreshCommand->handle()
#36 /home/vagrant/Laravel/swanseafootballers/vendor/laravel/framework/src/Illuminate/Container/BoundMethod.php(32): call_user_func_array(Array, Array)
#37 /home/vagrant/Laravel/swanseafootballers/vendor/laravel/framework/src/Illuminate/Support/helpers.php(520): Illuminate\\Container\\BoundMethod::Illuminate\\Container\\{closure}()
#38 /home/vagrant/Laravel/swanseafootballers/vendor/laravel/framework/src/Illuminate/Container/BoundMethod.php(90): value(Object(Closure))
#39 /home/vagrant/Laravel/swanseafootballers/vendor/laravel/framework/src/Illuminate/Container/BoundMethod.php(34): Illuminate\\Container\\BoundMethod::callBoundMethod(Object(Illuminate\\Foundation\\Application), Array, Object(Closure))
#40 /home/vagrant/Laravel/swanseafootballers/vendor/laravel/framework/src/Illuminate/Container/Container.php(591): Illuminate\\Container\\BoundMethod::call(Object(Illuminate\\Foundation\\Application), Array, Array, NULL)
#41 /home/vagrant/Laravel/swanseafootballers/vendor/laravel/framework/src/Illuminate/Console/Command.php(202): Illuminate\\Container\\Container->call(Array)
#42 /home/vagrant/Laravel/swanseafootballers/vendor/symfony/console/Command/Command.php(255): Illuminate\\Console\\Command->execute(Object(Symfony\\Component\\Console\\Input\\ArgvInput), Object(Illuminate\\Console\\OutputStyle))
#43 /home/vagrant/Laravel/swanseafootballers/vendor/laravel/framework/src/Illuminate/Console/Command.php(189): Symfony\\Component\\Console\\Command\\Command->run(Object(Symfony\\Component\\Console\\Input\\ArgvInput), Object(Illuminate\\Console\\OutputStyle))
#44 /home/vagrant/Laravel/swanseafootballers/vendor/symfony/console/Application.php(934): Illuminate\\Console\\Command->run(Object(Symfony\\Component\\Console\\Input\\ArgvInput), Object(Symfony\\Component\\Console\\Output\\ConsoleOutput))
#45 /home/vagrant/Laravel/swanseafootballers/vendor/symfony/console/Application.php(273): Symfony\\Component\\Console\\Application->doRunCommand(Object(Illuminate\\Database\\Console\\Migrations\\FreshCommand), Object(Symfony\\Component\\Console\\Input\\ArgvInput), Object(Symfony\\Component\\Console\\Output\\ConsoleOutput))
#46 /home/vagrant/Laravel/swanseafootballers/vendor/symfony/console/Application.php(149): Symfony\\Component\\Console\\Application->doRun(Object(Symfony\\Component\\Console\\Input\\ArgvInput), Object(Symfony\\Component\\Console\\Output\\ConsoleOutput))
#47 /home/vagrant/Laravel/swanseafootballers/vendor/laravel/framework/src/Illuminate/Console/Application.php(90): Symfony\\Component\\Console\\Application->run(Object(Symfony\\Component\\Console\\Input\\ArgvInput), Object(Symfony\\Component\\Console\\Output\\ConsoleOutput))
#48 /home/vagrant/Laravel/swanseafootballers/vendor/laravel/framework/src/Illuminate/Foundation/Console/Kernel.php(131): Illuminate\\Console\\Application->run(Object(Symfony\\Component\\Console\\Input\\ArgvInput), Object(Symfony\\Component\\Console\\Output\\ConsoleOutput))
#49 /home/vagrant/Laravel/swanseafootballers/artisan(37): Illuminate\\Foundation\\Console\\Kernel->handle(Object(Symfony\\Component\\Console\\Input\\ArgvInput), Object(Symfony\\Component\\Console\\Output\\ConsoleOutput))
#50 {main}
"} 
[2019-12-15 22:05:57] local.ERROR: Target class [CoachTableSeeder] does not exist. {"exception":"[object] (Illuminate\\Contracts\\Container\\BindingResolutionException(code: 0): Target class [CoachTableSeeder] does not exist. at /home/vagrant/Laravel/swanseafootballers/vendor/laravel/framework/src/Illuminate/Container/Container.php:806)
[stacktrace]
#0 /home/vagrant/Laravel/swanseafootballers/vendor/laravel/framework/src/Illuminate/Container/Container.php(682): Illuminate\\Container\\Container->build('CoachTableSeede...')
#1 /home/vagrant/Laravel/swanseafootballers/vendor/laravel/framework/src/Illuminate/Container/Container.php(630): Illuminate\\Container\\Container->resolve('CoachTableSeede...', Array)
#2 /home/vagrant/Laravel/swanseafootballers/vendor/laravel/framework/src/Illuminate/Foundation/Application.php(768): Illuminate\\Container\\Container->make('CoachTableSeede...', Array)
#3 /home/vagrant/Laravel/swanseafootballers/vendor/laravel/framework/src/Illuminate/Database/Seeder.php(80): Illuminate\\Foundation\\Application->make('CoachTableSeede...')
#4 /home/vagrant/Laravel/swanseafootballers/vendor/laravel/framework/src/Illuminate/Database/Seeder.php(38): Illuminate\\Database\\Seeder->resolve('CoachTableSeede...')
#5 /home/vagrant/Laravel/swanseafootballers/database/seeds/DatabaseSeeder.php(14): Illuminate\\Database\\Seeder->call('CoachTableSeede...')
#6 [internal function]: DatabaseSeeder->run()
#7 /home/vagrant/Laravel/swanseafootballers/vendor/laravel/framework/src/Illuminate/Container/BoundMethod.php(32): call_user_func_array(Array, Array)
#8 /home/vagrant/Laravel/swanseafootballers/vendor/laravel/framework/src/Illuminate/Support/helpers.php(520): Illuminate\\Container\\BoundMethod::Illuminate\\Container\\{closure}()
#9 /home/vagrant/Laravel/swanseafootballers/vendor/laravel/framework/src/Illuminate/Container/BoundMethod.php(90): value(Object(Closure))
#10 /home/vagrant/Laravel/swanseafootballers/vendor/laravel/framework/src/Illuminate/Container/BoundMethod.php(34): Illuminate\\Container\\BoundMethod::callBoundMethod(Object(Illuminate\\Foundation\\Application), Array, Object(Closure))
#11 /home/vagrant/Laravel/swanseafootballers/vendor/laravel/framework/src/Illuminate/Container/Container.php(591): Illuminate\\Container\\BoundMethod::call(Object(Illuminate\\Foundation\\Application), Array, Array, NULL)
#12 /home/vagrant/Laravel/swanseafootballers/vendor/laravel/framework/src/Illuminate/Database/Seeder.php(134): Illuminate\\Container\\Container->call(Array)
#13 /home/vagrant/Laravel/swanseafootballers/vendor/laravel/framework/src/Illuminate/Database/Console/Seeds/SeedCommand.php(63): Illuminate\\Database\\Seeder->__invoke()
#14 /home/vagrant/Laravel/swanseafootballers/vendor/laravel/framework/src/Illuminate/Database/Eloquent/Concerns/GuardsAttributes.php(122): Illuminate\\Database\\Console\\Seeds\\SeedCommand->Illuminate\\Database\\Console\\Seeds\\{closure}()
#15 /home/vagrant/Laravel/swanseafootballers/vendor/laravel/framework/src/Illuminate/Database/Console/Seeds/SeedCommand.php(64): Illuminate\\Database\\Eloquent\\Model::unguarded(Object(Closure))
#16 [internal function]: Illuminate\\Database\\Console\\Seeds\\SeedCommand->handle()
#17 /home/vagrant/Laravel/swanseafootballers/vendor/laravel/framework/src/Illuminate/Container/BoundMethod.php(32): call_user_func_array(Array, Array)
#18 /home/vagrant/Laravel/swanseafootballers/vendor/laravel/framework/src/Illuminate/Support/helpers.php(520): Illuminate\\Container\\BoundMethod::Illuminate\\Container\\{closure}()
#19 /home/vagrant/Laravel/swanseafootballers/vendor/laravel/framework/src/Illuminate/Container/BoundMethod.php(90): value(Object(Closure))
#20 /home/vagrant/Laravel/swanseafootballers/vendor/laravel/framework/src/Illuminate/Container/BoundMethod.php(34): Illuminate\\Container\\BoundMethod::callBoundMethod(Object(Illuminate\\Foundation\\Application), Array, Object(Closure))
#21 /home/vagrant/Laravel/swanseafootballers/vendor/laravel/framework/src/Illuminate/Container/Container.php(591): Illuminate\\Container\\BoundMethod::call(Object(Illuminate\\Foundation\\Application), Array, Array, NULL)
#22 /home/vagrant/Laravel/swanseafootballers/vendor/laravel/framework/src/Illuminate/Console/Command.php(202): Illuminate\\Container\\Container->call(Array)
#23 /home/vagrant/Laravel/swanseafootballers/vendor/symfony/console/Command/Command.php(255): Illuminate\\Console\\Command->execute(Object(Symfony\\Component\\Console\\Input\\ArrayInput), Object(Illuminate\\Console\\OutputStyle))
#24 /home/vagrant/Laravel/swanseafootballers/vendor/laravel/framework/src/Illuminate/Console/Command.php(189): Symfony\\Component\\Console\\Command\\Command->run(Object(Symfony\\Component\\Console\\Input\\ArrayInput), Object(Illuminate\\Console\\OutputStyle))
#25 /home/vagrant/Laravel/swanseafootballers/vendor/laravel/framework/src/Illuminate/Console/Command.php(242): Illuminate\\Console\\Command->run(Object(Symfony\\Component\\Console\\Input\\ArrayInput), Object(Illuminate\\Console\\OutputStyle))
#26 /home/vagrant/Laravel/swanseafootballers/vendor/laravel/framework/src/Illuminate/Console/Command.php(214): Illuminate\\Console\\Command->runCommand('db:seed', Array, Object(Illuminate\\Console\\OutputStyle))
#27 /home/vagrant/Laravel/swanseafootballers/vendor/laravel/framework/src/Illuminate/Database/Console/Migrations/FreshCommand.php(79): Illuminate\\Console\\Command->call('db:seed', Array)
#28 /home/vagrant/Laravel/swanseafootballers/vendor/laravel/framework/src/Illuminate/Database/Console/Migrations/FreshCommand.php(56): Illuminate\\Database\\Console\\Migrations\\FreshCommand->runSeeder(NULL)
#29 [internal function]: Illuminate\\Database\\Console\\Migrations\\FreshCommand->handle()
#30 /home/vagrant/Laravel/swanseafootballers/vendor/laravel/framework/src/Illuminate/Container/BoundMethod.php(32): call_user_func_array(Array, Array)
#31 /home/vagrant/Laravel/swanseafootballers/vendor/laravel/framework/src/Illuminate/Support/helpers.php(520): Illuminate\\Container\\BoundMethod::Illuminate\\Container\\{closure}()
#32 /home/vagrant/Laravel/swanseafootballers/vendor/laravel/framework/src/Illuminate/Container/BoundMethod.php(90): value(Object(Closure))
#33 /home/vagrant/Laravel/swanseafootballers/vendor/laravel/framework/src/Illuminate/Container/BoundMethod.php(34): Illuminate\\Container\\BoundMethod::callBoundMethod(Object(Illuminate\\Foundation\\Application), Array, Object(Closure))
#34 /home/vagrant/Laravel/swanseafootballers/vendor/laravel/framework/src/Illuminate/Container/Container.php(591): Illuminate\\Container\\BoundMethod::call(Object(Illuminate\\Foundation\\Application), Array, Array, NULL)
#35 /home/vagrant/Laravel/swanseafootballers/vendor/laravel/framework/src/Illuminate/Console/Command.php(202): Illuminate\\Container\\Container->call(Array)
#36 /home/vagrant/Laravel/swanseafootballers/vendor/symfony/console/Command/Command.php(255): Illuminate\\Console\\Command->execute(Object(Symfony\\Component\\Console\\Input\\ArgvInput), Object(Illuminate\\Console\\OutputStyle))
#37 /home/vagrant/Laravel/swanseafootballers/vendor/laravel/framework/src/Illuminate/Console/Command.php(189): Symfony\\Component\\Console\\Command\\Command->run(Object(Symfony\\Component\\Console\\Input\\ArgvInput), Object(Illuminate\\Console\\OutputStyle))
#38 /home/vagrant/Laravel/swanseafootballers/vendor/symfony/console/Application.php(934): Illuminate\\Console\\Command->run(Object(Symfony\\Component\\Console\\Input\\ArgvInput), Object(Symfony\\Component\\Console\\Output\\ConsoleOutput))
#39 /home/vagrant/Laravel/swanseafootballers/vendor/symfony/console/Application.php(273): Symfony\\Component\\Console\\Application->doRunCommand(Object(Illuminate\\Database\\Console\\Migrations\\FreshCommand), Object(Symfony\\Component\\Console\\Input\\ArgvInput), Object(Symfony\\Component\\Console\\Output\\ConsoleOutput))
#40 /home/vagrant/Laravel/swanseafootballers/vendor/symfony/console/Application.php(149): Symfony\\Component\\Console\\Application->doRun(Object(Symfony\\Component\\Console\\Input\\ArgvInput), Object(Symfony\\Component\\Console\\Output\\ConsoleOutput))
#41 /home/vagrant/Laravel/swanseafootballers/vendor/laravel/framework/src/Illuminate/Console/Application.php(90): Symfony\\Component\\Console\\Application->run(Object(Symfony\\Component\\Console\\Input\\ArgvInput), Object(Symfony\\Component\\Console\\Output\\ConsoleOutput))
#42 /home/vagrant/Laravel/swanseafootballers/vendor/laravel/framework/src/Illuminate/Foundation/Console/Kernel.php(131): Illuminate\\Console\\Application->run(Object(Symfony\\Component\\Console\\Input\\ArgvInput), Object(Symfony\\Component\\Console\\Output\\ConsoleOutput))
#43 /home/vagrant/Laravel/swanseafootballers/artisan(37): Illuminate\\Foundation\\Console\\Kernel->handle(Object(Symfony\\Component\\Console\\Input\\ArgvInput), Object(Symfony\\Component\\Console\\Output\\ConsoleOutput))
#44 {main}

[previous exception] [object] (ReflectionException(code: -1): Class CoachTableSeeder does not exist at /home/vagrant/Laravel/swanseafootballers/vendor/laravel/framework/src/Illuminate/Container/Container.php:804)
[stacktrace]
#0 /home/vagrant/Laravel/swanseafootballers/vendor/laravel/framework/src/Illuminate/Container/Container.php(804): ReflectionClass->__construct('CoachTableSeede...')
#1 /home/vagrant/Laravel/swanseafootballers/vendor/laravel/framework/src/Illuminate/Container/Container.php(682): Illuminate\\Container\\Container->build('CoachTableSeede...')
#2 /home/vagrant/Laravel/swanseafootballers/vendor/laravel/framework/src/Illuminate/Container/Container.php(630): Illuminate\\Container\\Container->resolve('CoachTableSeede...', Array)
#3 /home/vagrant/Laravel/swanseafootballers/vendor/laravel/framework/src/Illuminate/Foundation/Application.php(768): Illuminate\\Container\\Container->make('CoachTableSeede...', Array)
#4 /home/vagrant/Laravel/swanseafootballers/vendor/laravel/framework/src/Illuminate/Database/Seeder.php(80): Illuminate\\Foundation\\Application->make('CoachTableSeede...')
#5 /home/vagrant/Laravel/swanseafootballers/vendor/laravel/framework/src/Illuminate/Database/Seeder.php(38): Illuminate\\Database\\Seeder->resolve('CoachTableSeede...')
#6 /home/vagrant/Laravel/swanseafootballers/database/seeds/DatabaseSeeder.php(14): Illuminate\\Database\\Seeder->call('CoachTableSeede...')
#7 [internal function]: DatabaseSeeder->run()
#8 /home/vagrant/Laravel/swanseafootballers/vendor/laravel/framework/src/Illuminate/Container/BoundMethod.php(32): call_user_func_array(Array, Array)
#9 /home/vagrant/Laravel/swanseafootballers/vendor/laravel/framework/src/Illuminate/Support/helpers.php(520): Illuminate\\Container\\BoundMethod::Illuminate\\Container\\{closure}()
#10 /home/vagrant/Laravel/swanseafootballers/vendor/laravel/framework/src/Illuminate/Container/BoundMethod.php(90): value(Object(Closure))
#11 /home/vagrant/Laravel/swanseafootballers/vendor/laravel/framework/src/Illuminate/Container/BoundMethod.php(34): Illuminate\\Container\\BoundMethod::callBoundMethod(Object(Illuminate\\Foundation\\Application), Array, Object(Closure))
#12 /home/vagrant/Laravel/swanseafootballers/vendor/laravel/framework/src/Illuminate/Container/Container.php(591): Illuminate\\Container\\BoundMethod::call(Object(Illuminate\\Foundation\\Application), Array, Array, NULL)
#13 /home/vagrant/Laravel/swanseafootballers/vendor/laravel/framework/src/Illuminate/Database/Seeder.php(134): Illuminate\\Container\\Container->call(Array)
#14 /home/vagrant/Laravel/swanseafootballers/vendor/laravel/framework/src/Illuminate/Database/Console/Seeds/SeedCommand.php(63): Illuminate\\Database\\Seeder->__invoke()
#15 /home/vagrant/Laravel/swanseafootballers/vendor/laravel/framework/src/Illuminate/Database/Eloquent/Concerns/GuardsAttributes.php(122): Illuminate\\Database\\Console\\Seeds\\SeedCommand->Illuminate\\Database\\Console\\Seeds\\{closure}()
#16 /home/vagrant/Laravel/swanseafootballers/vendor/laravel/framework/src/Illuminate/Database/Console/Seeds/SeedCommand.php(64): Illuminate\\Database\\Eloquent\\Model::unguarded(Object(Closure))
#17 [internal function]: Illuminate\\Database\\Console\\Seeds\\SeedCommand->handle()
#18 /home/vagrant/Laravel/swanseafootballers/vendor/laravel/framework/src/Illuminate/Container/BoundMethod.php(32): call_user_func_array(Array, Array)
#19 /home/vagrant/Laravel/swanseafootballers/vendor/laravel/framework/src/Illuminate/Support/helpers.php(520): Illuminate\\Container\\BoundMethod::Illuminate\\Container\\{closure}()
#20 /home/vagrant/Laravel/swanseafootballers/vendor/laravel/framework/src/Illuminate/Container/BoundMethod.php(90): value(Object(Closure))
#21 /home/vagrant/Laravel/swanseafootballers/vendor/laravel/framework/src/Illuminate/Container/BoundMethod.php(34): Illuminate\\Container\\BoundMethod::callBoundMethod(Object(Illuminate\\Foundation\\Application), Array, Object(Closure))
#22 /home/vagrant/Laravel/swanseafootballers/vendor/laravel/framework/src/Illuminate/Container/Container.php(591): Illuminate\\Container\\BoundMethod::call(Object(Illuminate\\Foundation\\Application), Array, Array, NULL)
#23 /home/vagrant/Laravel/swanseafootballers/vendor/laravel/framework/src/Illuminate/Console/Command.php(202): Illuminate\\Container\\Container->call(Array)
#24 /home/vagrant/Laravel/swanseafootballers/vendor/symfony/console/Command/Command.php(255): Illuminate\\Console\\Command->execute(Object(Symfony\\Component\\Console\\Input\\ArrayInput), Object(Illuminate\\Console\\OutputStyle))
#25 /home/vagrant/Laravel/swanseafootballers/vendor/laravel/framework/src/Illuminate/Console/Command.php(189): Symfony\\Component\\Console\\Command\\Command->run(Object(Symfony\\Component\\Console\\Input\\ArrayInput), Object(Illuminate\\Console\\OutputStyle))
#26 /home/vagrant/Laravel/swanseafootballers/vendor/laravel/framework/src/Illuminate/Console/Command.php(242): Illuminate\\Console\\Command->run(Object(Symfony\\Component\\Console\\Input\\ArrayInput), Object(Illuminate\\Console\\OutputStyle))
#27 /home/vagrant/Laravel/swanseafootballers/vendor/laravel/framework/src/Illuminate/Console/Command.php(214): Illuminate\\Console\\Command->runCommand('db:seed', Array, Object(Illuminate\\Console\\OutputStyle))
#28 /home/vagrant/Laravel/swanseafootballers/vendor/laravel/framework/src/Illuminate/Database/Console/Migrations/FreshCommand.php(79): Illuminate\\Console\\Command->call('db:seed', Array)
#29 /home/vagrant/Laravel/swanseafootballers/vendor/laravel/framework/src/Illuminate/Database/Console/Migrations/FreshCommand.php(56): Illuminate\\Database\\Console\\Migrations\\FreshCommand->runSeeder(NULL)
#30 [internal function]: Illuminate\\Database\\Console\\Migrations\\FreshCommand->handle()
#31 /home/vagrant/Laravel/swanseafootballers/vendor/laravel/framework/src/Illuminate/Container/BoundMethod.php(32): call_user_func_array(Array, Array)
#32 /home/vagrant/Laravel/swanseafootballers/vendor/laravel/framework/src/Illuminate/Support/helpers.php(520): Illuminate\\Container\\BoundMethod::Illuminate\\Container\\{closure}()
#33 /home/vagrant/Laravel/swanseafootballers/vendor/laravel/framework/src/Illuminate/Container/BoundMethod.php(90): value(Object(Closure))
#34 /home/vagrant/Laravel/swanseafootballers/vendor/laravel/framework/src/Illuminate/Container/BoundMethod.php(34): Illuminate\\Container\\BoundMethod::callBoundMethod(Object(Illuminate\\Foundation\\Application), Array, Object(Closure))
#35 /home/vagrant/Laravel/swanseafootballers/vendor/laravel/framework/src/Illuminate/Container/Container.php(591): Illuminate\\Container\\BoundMethod::call(Object(Illuminate\\Foundation\\Application), Array, Array, NULL)
#36 /home/vagrant/Laravel/swanseafootballers/vendor/laravel/framework/src/Illuminate/Console/Command.php(202): Illuminate\\Container\\Container->call(Array)
#37 /home/vagrant/Laravel/swanseafootballers/vendor/symfony/console/Command/Command.php(255): Illuminate\\Console\\Command->execute(Object(Symfony\\Component\\Console\\Input\\ArgvInput), Object(Illuminate\\Console\\OutputStyle))
#38 /home/vagrant/Laravel/swanseafootballers/vendor/laravel/framework/src/Illuminate/Console/Command.php(189): Symfony\\Component\\Console\\Command\\Command->run(Object(Symfony\\Component\\Console\\Input\\ArgvInput), Object(Illuminate\\Console\\OutputStyle))
#39 /home/vagrant/Laravel/swanseafootballers/vendor/symfony/console/Application.php(934): Illuminate\\Console\\Command->run(Object(Symfony\\Component\\Console\\Input\\ArgvInput), Object(Symfony\\Component\\Console\\Output\\ConsoleOutput))
#40 /home/vagrant/Laravel/swanseafootballers/vendor/symfony/console/Application.php(273): Symfony\\Component\\Console\\Application->doRunCommand(Object(Illuminate\\Database\\Console\\Migrations\\FreshCommand), Object(Symfony\\Component\\Console\\Input\\ArgvInput), Object(Symfony\\Component\\Console\\Output\\ConsoleOutput))
#41 /home/vagrant/Laravel/swanseafootballers/vendor/symfony/console/Application.php(149): Symfony\\Component\\Console\\Application->doRun(Object(Symfony\\Component\\Console\\Input\\ArgvInput), Object(Symfony\\Component\\Console\\Output\\ConsoleOutput))
#42 /home/vagrant/Laravel/swanseafootballers/vendor/laravel/framework/src/Illuminate/Console/Application.php(90): Symfony\\Component\\Console\\Application->run(Object(Symfony\\Component\\Console\\Input\\ArgvInput), Object(Symfony\\Component\\Console\\Output\\ConsoleOutput))
#43 /home/vagrant/Laravel/swanseafootballers/vendor/laravel/framework/src/Illuminate/Foundation/Console/Kernel.php(131): Illuminate\\Console\\Application->run(Object(Symfony\\Component\\Console\\Input\\ArgvInput), Object(Symfony\\Component\\Console\\Output\\ConsoleOutput))
#44 /home/vagrant/Laravel/swanseafootballers/artisan(37): Illuminate\\Foundation\\Console\\Kernel->handle(Object(Symfony\\Component\\Console\\Input\\ArgvInput), Object(Symfony\\Component\\Console\\Output\\ConsoleOutput))
#45 {main}
"} 
[2019-12-15 22:07:27] local.ERROR: Target class [CoachTableSeeder] does not exist. {"exception":"[object] (Illuminate\\Contracts\\Container\\BindingResolutionException(code: 0): Target class [CoachTableSeeder] does not exist. at /home/vagrant/Laravel/swanseafootballers/vendor/laravel/framework/src/Illuminate/Container/Container.php:806)
[stacktrace]
#0 /home/vagrant/Laravel/swanseafootballers/vendor/laravel/framework/src/Illuminate/Container/Container.php(682): Illuminate\\Container\\Container->build('CoachTableSeede...')
#1 /home/vagrant/Laravel/swanseafootballers/vendor/laravel/framework/src/Illuminate/Container/Container.php(630): Illuminate\\Container\\Container->resolve('CoachTableSeede...', Array)
#2 /home/vagrant/Laravel/swanseafootballers/vendor/laravel/framework/src/Illuminate/Foundation/Application.php(768): Illuminate\\Container\\Container->make('CoachTableSeede...', Array)
#3 /home/vagrant/Laravel/swanseafootballers/vendor/laravel/framework/src/Illuminate/Database/Seeder.php(80): Illuminate\\Foundation\\Application->make('CoachTableSeede...')
#4 /home/vagrant/Laravel/swanseafootballers/vendor/laravel/framework/src/Illuminate/Database/Seeder.php(38): Illuminate\\Database\\Seeder->resolve('CoachTableSeede...')
#5 /home/vagrant/Laravel/swanseafootballers/database/seeds/DatabaseSeeder.php(14): Illuminate\\Database\\Seeder->call('CoachTableSeede...')
#6 [internal function]: DatabaseSeeder->run()
#7 /home/vagrant/Laravel/swanseafootballers/vendor/laravel/framework/src/Illuminate/Container/BoundMethod.php(32): call_user_func_array(Array, Array)
#8 /home/vagrant/Laravel/swanseafootballers/vendor/laravel/framework/src/Illuminate/Support/helpers.php(520): Illuminate\\Container\\BoundMethod::Illuminate\\Container\\{closure}()
#9 /home/vagrant/Laravel/swanseafootballers/vendor/laravel/framework/src/Illuminate/Container/BoundMethod.php(90): value(Object(Closure))
#10 /home/vagrant/Laravel/swanseafootballers/vendor/laravel/framework/src/Illuminate/Container/BoundMethod.php(34): Illuminate\\Container\\BoundMethod::callBoundMethod(Object(Illuminate\\Foundation\\Application), Array, Object(Closure))
#11 /home/vagrant/Laravel/swanseafootballers/vendor/laravel/framework/src/Illuminate/Container/Container.php(591): Illuminate\\Container\\BoundMethod::call(Object(Illuminate\\Foundation\\Application), Array, Array, NULL)
#12 /home/vagrant/Laravel/swanseafootballers/vendor/laravel/framework/src/Illuminate/Database/Seeder.php(134): Illuminate\\Container\\Container->call(Array)
#13 /home/vagrant/Laravel/swanseafootballers/vendor/laravel/framework/src/Illuminate/Database/Console/Seeds/SeedCommand.php(63): Illuminate\\Database\\Seeder->__invoke()
#14 /home/vagrant/Laravel/swanseafootballers/vendor/laravel/framework/src/Illuminate/Database/Eloquent/Concerns/GuardsAttributes.php(122): Illuminate\\Database\\Console\\Seeds\\SeedCommand->Illuminate\\Database\\Console\\Seeds\\{closure}()
#15 /home/vagrant/Laravel/swanseafootballers/vendor/laravel/framework/src/Illuminate/Database/Console/Seeds/SeedCommand.php(64): Illuminate\\Database\\Eloquent\\Model::unguarded(Object(Closure))
#16 [internal function]: Illuminate\\Database\\Console\\Seeds\\SeedCommand->handle()
#17 /home/vagrant/Laravel/swanseafootballers/vendor/laravel/framework/src/Illuminate/Container/BoundMethod.php(32): call_user_func_array(Array, Array)
#18 /home/vagrant/Laravel/swanseafootballers/vendor/laravel/framework/src/Illuminate/Support/helpers.php(520): Illuminate\\Container\\BoundMethod::Illuminate\\Container\\{closure}()
#19 /home/vagrant/Laravel/swanseafootballers/vendor/laravel/framework/src/Illuminate/Container/BoundMethod.php(90): value(Object(Closure))
#20 /home/vagrant/Laravel/swanseafootballers/vendor/laravel/framework/src/Illuminate/Container/BoundMethod.php(34): Illuminate\\Container\\BoundMethod::callBoundMethod(Object(Illuminate\\Foundation\\Application), Array, Object(Closure))
#21 /home/vagrant/Laravel/swanseafootballers/vendor/laravel/framework/src/Illuminate/Container/Container.php(591): Illuminate\\Container\\BoundMethod::call(Object(Illuminate\\Foundation\\Application), Array, Array, NULL)
#22 /home/vagrant/Laravel/swanseafootballers/vendor/laravel/framework/src/Illuminate/Console/Command.php(202): Illuminate\\Container\\Container->call(Array)
#23 /home/vagrant/Laravel/swanseafootballers/vendor/symfony/console/Command/Command.php(255): Illuminate\\Console\\Command->execute(Object(Symfony\\Component\\Console\\Input\\ArrayInput), Object(Illuminate\\Console\\OutputStyle))
#24 /home/vagrant/Laravel/swanseafootballers/vendor/laravel/framework/src/Illuminate/Console/Command.php(189): Symfony\\Component\\Console\\Command\\Command->run(Object(Symfony\\Component\\Console\\Input\\ArrayInput), Object(Illuminate\\Console\\OutputStyle))
#25 /home/vagrant/Laravel/swanseafootballers/vendor/laravel/framework/src/Illuminate/Console/Command.php(242): Illuminate\\Console\\Command->run(Object(Symfony\\Component\\Console\\Input\\ArrayInput), Object(Illuminate\\Console\\OutputStyle))
#26 /home/vagrant/Laravel/swanseafootballers/vendor/laravel/framework/src/Illuminate/Console/Command.php(214): Illuminate\\Console\\Command->runCommand('db:seed', Array, Object(Illuminate\\Console\\OutputStyle))
#27 /home/vagrant/Laravel/swanseafootballers/vendor/laravel/framework/src/Illuminate/Database/Console/Migrations/FreshCommand.php(79): Illuminate\\Console\\Command->call('db:seed', Array)
#28 /home/vagrant/Laravel/swanseafootballers/vendor/laravel/framework/src/Illuminate/Database/Console/Migrations/FreshCommand.php(56): Illuminate\\Database\\Console\\Migrations\\FreshCommand->runSeeder(NULL)
#29 [internal function]: Illuminate\\Database\\Console\\Migrations\\FreshCommand->handle()
#30 /home/vagrant/Laravel/swanseafootballers/vendor/laravel/framework/src/Illuminate/Container/BoundMethod.php(32): call_user_func_array(Array, Array)
#31 /home/vagrant/Laravel/swanseafootballers/vendor/laravel/framework/src/Illuminate/Support/helpers.php(520): Illuminate\\Container\\BoundMethod::Illuminate\\Container\\{closure}()
#32 /home/vagrant/Laravel/swanseafootballers/vendor/laravel/framework/src/Illuminate/Container/BoundMethod.php(90): value(Object(Closure))
#33 /home/vagrant/Laravel/swanseafootballers/vendor/laravel/framework/src/Illuminate/Container/BoundMethod.php(34): Illuminate\\Container\\BoundMethod::callBoundMethod(Object(Illuminate\\Foundation\\Application), Array, Object(Closure))
#34 /home/vagrant/Laravel/swanseafootballers/vendor/laravel/framework/src/Illuminate/Container/Container.php(591): Illuminate\\Container\\BoundMethod::call(Object(Illuminate\\Foundation\\Application), Array, Array, NULL)
#35 /home/vagrant/Laravel/swanseafootballers/vendor/laravel/framework/src/Illuminate/Console/Command.php(202): Illuminate\\Container\\Container->call(Array)
#36 /home/vagrant/Laravel/swanseafootballers/vendor/symfony/console/Command/Command.php(255): Illuminate\\Console\\Command->execute(Object(Symfony\\Component\\Console\\Input\\ArgvInput), Object(Illuminate\\Console\\OutputStyle))
#37 /home/vagrant/Laravel/swanseafootballers/vendor/laravel/framework/src/Illuminate/Console/Command.php(189): Symfony\\Component\\Console\\Command\\Command->run(Object(Symfony\\Component\\Console\\Input\\ArgvInput), Object(Illuminate\\Console\\OutputStyle))
#38 /home/vagrant/Laravel/swanseafootballers/vendor/symfony/console/Application.php(934): Illuminate\\Console\\Command->run(Object(Symfony\\Component\\Console\\Input\\ArgvInput), Object(Symfony\\Component\\Console\\Output\\ConsoleOutput))
#39 /home/vagrant/Laravel/swanseafootballers/vendor/symfony/console/Application.php(273): Symfony\\Component\\Console\\Application->doRunCommand(Object(Illuminate\\Database\\Console\\Migrations\\FreshCommand), Object(Symfony\\Component\\Console\\Input\\ArgvInput), Object(Symfony\\Component\\Console\\Output\\ConsoleOutput))
#40 /home/vagrant/Laravel/swanseafootballers/vendor/symfony/console/Application.php(149): Symfony\\Component\\Console\\Application->doRun(Object(Symfony\\Component\\Console\\Input\\ArgvInput), Object(Symfony\\Component\\Console\\Output\\ConsoleOutput))
#41 /home/vagrant/Laravel/swanseafootballers/vendor/laravel/framework/src/Illuminate/Console/Application.php(90): Symfony\\Component\\Console\\Application->run(Object(Symfony\\Component\\Console\\Input\\ArgvInput), Object(Symfony\\Component\\Console\\Output\\ConsoleOutput))
#42 /home/vagrant/Laravel/swanseafootballers/vendor/laravel/framework/src/Illuminate/Foundation/Console/Kernel.php(131): Illuminate\\Console\\Application->run(Object(Symfony\\Component\\Console\\Input\\ArgvInput), Object(Symfony\\Component\\Console\\Output\\ConsoleOutput))
#43 /home/vagrant/Laravel/swanseafootballers/artisan(37): Illuminate\\Foundation\\Console\\Kernel->handle(Object(Symfony\\Component\\Console\\Input\\ArgvInput), Object(Symfony\\Component\\Console\\Output\\ConsoleOutput))
#44 {main}

[previous exception] [object] (ReflectionException(code: -1): Class CoachTableSeeder does not exist at /home/vagrant/Laravel/swanseafootballers/vendor/laravel/framework/src/Illuminate/Container/Container.php:804)
[stacktrace]
#0 /home/vagrant/Laravel/swanseafootballers/vendor/laravel/framework/src/Illuminate/Container/Container.php(804): ReflectionClass->__construct('CoachTableSeede...')
#1 /home/vagrant/Laravel/swanseafootballers/vendor/laravel/framework/src/Illuminate/Container/Container.php(682): Illuminate\\Container\\Container->build('CoachTableSeede...')
#2 /home/vagrant/Laravel/swanseafootballers/vendor/laravel/framework/src/Illuminate/Container/Container.php(630): Illuminate\\Container\\Container->resolve('CoachTableSeede...', Array)
#3 /home/vagrant/Laravel/swanseafootballers/vendor/laravel/framework/src/Illuminate/Foundation/Application.php(768): Illuminate\\Container\\Container->make('CoachTableSeede...', Array)
#4 /home/vagrant/Laravel/swanseafootballers/vendor/laravel/framework/src/Illuminate/Database/Seeder.php(80): Illuminate\\Foundation\\Application->make('CoachTableSeede...')
#5 /home/vagrant/Laravel/swanseafootballers/vendor/laravel/framework/src/Illuminate/Database/Seeder.php(38): Illuminate\\Database\\Seeder->resolve('CoachTableSeede...')
#6 /home/vagrant/Laravel/swanseafootballers/database/seeds/DatabaseSeeder.php(14): Illuminate\\Database\\Seeder->call('CoachTableSeede...')
#7 [internal function]: DatabaseSeeder->run()
#8 /home/vagrant/Laravel/swanseafootballers/vendor/laravel/framework/src/Illuminate/Container/BoundMethod.php(32): call_user_func_array(Array, Array)
#9 /home/vagrant/Laravel/swanseafootballers/vendor/laravel/framework/src/Illuminate/Support/helpers.php(520): Illuminate\\Container\\BoundMethod::Illuminate\\Container\\{closure}()
#10 /home/vagrant/Laravel/swanseafootballers/vendor/laravel/framework/src/Illuminate/Container/BoundMethod.php(90): value(Object(Closure))
#11 /home/vagrant/Laravel/swanseafootballers/vendor/laravel/framework/src/Illuminate/Container/BoundMethod.php(34): Illuminate\\Container\\BoundMethod::callBoundMethod(Object(Illuminate\\Foundation\\Application), Array, Object(Closure))
#12 /home/vagrant/Laravel/swanseafootballers/vendor/laravel/framework/src/Illuminate/Container/Container.php(591): Illuminate\\Container\\BoundMethod::call(Object(Illuminate\\Foundation\\Application), Array, Array, NULL)
#13 /home/vagrant/Laravel/swanseafootballers/vendor/laravel/framework/src/Illuminate/Database/Seeder.php(134): Illuminate\\Container\\Container->call(Array)
#14 /home/vagrant/Laravel/swanseafootballers/vendor/laravel/framework/src/Illuminate/Database/Console/Seeds/SeedCommand.php(63): Illuminate\\Database\\Seeder->__invoke()
#15 /home/vagrant/Laravel/swanseafootballers/vendor/laravel/framework/src/Illuminate/Database/Eloquent/Concerns/GuardsAttributes.php(122): Illuminate\\Database\\Console\\Seeds\\SeedCommand->Illuminate\\Database\\Console\\Seeds\\{closure}()
#16 /home/vagrant/Laravel/swanseafootballers/vendor/laravel/framework/src/Illuminate/Database/Console/Seeds/SeedCommand.php(64): Illuminate\\Database\\Eloquent\\Model::unguarded(Object(Closure))
#17 [internal function]: Illuminate\\Database\\Console\\Seeds\\SeedCommand->handle()
#18 /home/vagrant/Laravel/swanseafootballers/vendor/laravel/framework/src/Illuminate/Container/BoundMethod.php(32): call_user_func_array(Array, Array)
#19 /home/vagrant/Laravel/swanseafootballers/vendor/laravel/framework/src/Illuminate/Support/helpers.php(520): Illuminate\\Container\\BoundMethod::Illuminate\\Container\\{closure}()
#20 /home/vagrant/Laravel/swanseafootballers/vendor/laravel/framework/src/Illuminate/Container/BoundMethod.php(90): value(Object(Closure))
#21 /home/vagrant/Laravel/swanseafootballers/vendor/laravel/framework/src/Illuminate/Container/BoundMethod.php(34): Illuminate\\Container\\BoundMethod::callBoundMethod(Object(Illuminate\\Foundation\\Application), Array, Object(Closure))
#22 /home/vagrant/Laravel/swanseafootballers/vendor/laravel/framework/src/Illuminate/Container/Container.php(591): Illuminate\\Container\\BoundMethod::call(Object(Illuminate\\Foundation\\Application), Array, Array, NULL)
#23 /home/vagrant/Laravel/swanseafootballers/vendor/laravel/framework/src/Illuminate/Console/Command.php(202): Illuminate\\Container\\Container->call(Array)
#24 /home/vagrant/Laravel/swanseafootballers/vendor/symfony/console/Command/Command.php(255): Illuminate\\Console\\Command->execute(Object(Symfony\\Component\\Console\\Input\\ArrayInput), Object(Illuminate\\Console\\OutputStyle))
#25 /home/vagrant/Laravel/swanseafootballers/vendor/laravel/framework/src/Illuminate/Console/Command.php(189): Symfony\\Component\\Console\\Command\\Command->run(Object(Symfony\\Component\\Console\\Input\\ArrayInput), Object(Illuminate\\Console\\OutputStyle))
#26 /home/vagrant/Laravel/swanseafootballers/vendor/laravel/framework/src/Illuminate/Console/Command.php(242): Illuminate\\Console\\Command->run(Object(Symfony\\Component\\Console\\Input\\ArrayInput), Object(Illuminate\\Console\\OutputStyle))
#27 /home/vagrant/Laravel/swanseafootballers/vendor/laravel/framework/src/Illuminate/Console/Command.php(214): Illuminate\\Console\\Command->runCommand('db:seed', Array, Object(Illuminate\\Console\\OutputStyle))
#28 /home/vagrant/Laravel/swanseafootballers/vendor/laravel/framework/src/Illuminate/Database/Console/Migrations/FreshCommand.php(79): Illuminate\\Console\\Command->call('db:seed', Array)
#29 /home/vagrant/Laravel/swanseafootballers/vendor/laravel/framework/src/Illuminate/Database/Console/Migrations/FreshCommand.php(56): Illuminate\\Database\\Console\\Migrations\\FreshCommand->runSeeder(NULL)
#30 [internal function]: Illuminate\\Database\\Console\\Migrations\\FreshCommand->handle()
#31 /home/vagrant/Laravel/swanseafootballers/vendor/laravel/framework/src/Illuminate/Container/BoundMethod.php(32): call_user_func_array(Array, Array)
#32 /home/vagrant/Laravel/swanseafootballers/vendor/laravel/framework/src/Illuminate/Support/helpers.php(520): Illuminate\\Container\\BoundMethod::Illuminate\\Container\\{closure}()
#33 /home/vagrant/Laravel/swanseafootballers/vendor/laravel/framework/src/Illuminate/Container/BoundMethod.php(90): value(Object(Closure))
#34 /home/vagrant/Laravel/swanseafootballers/vendor/laravel/framework/src/Illuminate/Container/BoundMethod.php(34): Illuminate\\Container\\BoundMethod::callBoundMethod(Object(Illuminate\\Foundation\\Application), Array, Object(Closure))
#35 /home/vagrant/Laravel/swanseafootballers/vendor/laravel/framework/src/Illuminate/Container/Container.php(591): Illuminate\\Container\\BoundMethod::call(Object(Illuminate\\Foundation\\Application), Array, Array, NULL)
#36 /home/vagrant/Laravel/swanseafootballers/vendor/laravel/framework/src/Illuminate/Console/Command.php(202): Illuminate\\Container\\Container->call(Array)
#37 /home/vagrant/Laravel/swanseafootballers/vendor/symfony/console/Command/Command.php(255): Illuminate\\Console\\Command->execute(Object(Symfony\\Component\\Console\\Input\\ArgvInput), Object(Illuminate\\Console\\OutputStyle))
#38 /home/vagrant/Laravel/swanseafootballers/vendor/laravel/framework/src/Illuminate/Console/Command.php(189): Symfony\\Component\\Console\\Command\\Command->run(Object(Symfony\\Component\\Console\\Input\\ArgvInput), Object(Illuminate\\Console\\OutputStyle))
#39 /home/vagrant/Laravel/swanseafootballers/vendor/symfony/console/Application.php(934): Illuminate\\Console\\Command->run(Object(Symfony\\Component\\Console\\Input\\ArgvInput), Object(Symfony\\Component\\Console\\Output\\ConsoleOutput))
#40 /home/vagrant/Laravel/swanseafootballers/vendor/symfony/console/Application.php(273): Symfony\\Component\\Console\\Application->doRunCommand(Object(Illuminate\\Database\\Console\\Migrations\\FreshCommand), Object(Symfony\\Component\\Console\\Input\\ArgvInput), Object(Symfony\\Component\\Console\\Output\\ConsoleOutput))
#41 /home/vagrant/Laravel/swanseafootballers/vendor/symfony/console/Application.php(149): Symfony\\Component\\Console\\Application->doRun(Object(Symfony\\Component\\Console\\Input\\ArgvInput), Object(Symfony\\Component\\Console\\Output\\ConsoleOutput))
#42 /home/vagrant/Laravel/swanseafootballers/vendor/laravel/framework/src/Illuminate/Console/Application.php(90): Symfony\\Component\\Console\\Application->run(Object(Symfony\\Component\\Console\\Input\\ArgvInput), Object(Symfony\\Component\\Console\\Output\\ConsoleOutput))
#43 /home/vagrant/Laravel/swanseafootballers/vendor/laravel/framework/src/Illuminate/Foundation/Console/Kernel.php(131): Illuminate\\Console\\Application->run(Object(Symfony\\Component\\Console\\Input\\ArgvInput), Object(Symfony\\Component\\Console\\Output\\ConsoleOutput))
#44 /home/vagrant/Laravel/swanseafootballers/artisan(37): Illuminate\\Foundation\\Console\\Kernel->handle(Object(Symfony\\Component\\Console\\Input\\ArgvInput), Object(Symfony\\Component\\Console\\Output\\ConsoleOutput))
#45 {main}
"} 
[2019-12-15 22:15:48] local.ERROR: Target class [CoachTableSeeder] does not exist. {"exception":"[object] (Illuminate\\Contracts\\Container\\BindingResolutionException(code: 0): Target class [CoachTableSeeder] does not exist. at /home/vagrant/Laravel/swanseafootballers/vendor/laravel/framework/src/Illuminate/Container/Container.php:806)
[stacktrace]
#0 /home/vagrant/Laravel/swanseafootballers/vendor/laravel/framework/src/Illuminate/Container/Container.php(682): Illuminate\\Container\\Container->build('CoachTableSeede...')
#1 /home/vagrant/Laravel/swanseafootballers/vendor/laravel/framework/src/Illuminate/Container/Container.php(630): Illuminate\\Container\\Container->resolve('CoachTableSeede...', Array)
#2 /home/vagrant/Laravel/swanseafootballers/vendor/laravel/framework/src/Illuminate/Foundation/Application.php(768): Illuminate\\Container\\Container->make('CoachTableSeede...', Array)
#3 /home/vagrant/Laravel/swanseafootballers/vendor/laravel/framework/src/Illuminate/Database/Seeder.php(80): Illuminate\\Foundation\\Application->make('CoachTableSeede...')
#4 /home/vagrant/Laravel/swanseafootballers/vendor/laravel/framework/src/Illuminate/Database/Seeder.php(38): Illuminate\\Database\\Seeder->resolve('CoachTableSeede...')
#5 /home/vagrant/Laravel/swanseafootballers/database/seeds/DatabaseSeeder.php(14): Illuminate\\Database\\Seeder->call('CoachTableSeede...')
#6 [internal function]: DatabaseSeeder->run()
#7 /home/vagrant/Laravel/swanseafootballers/vendor/laravel/framework/src/Illuminate/Container/BoundMethod.php(32): call_user_func_array(Array, Array)
#8 /home/vagrant/Laravel/swanseafootballers/vendor/laravel/framework/src/Illuminate/Support/helpers.php(520): Illuminate\\Container\\BoundMethod::Illuminate\\Container\\{closure}()
#9 /home/vagrant/Laravel/swanseafootballers/vendor/laravel/framework/src/Illuminate/Container/BoundMethod.php(90): value(Object(Closure))
#10 /home/vagrant/Laravel/swanseafootballers/vendor/laravel/framework/src/Illuminate/Container/BoundMethod.php(34): Illuminate\\Container\\BoundMethod::callBoundMethod(Object(Illuminate\\Foundation\\Application), Array, Object(Closure))
#11 /home/vagrant/Laravel/swanseafootballers/vendor/laravel/framework/src/Illuminate/Container/Container.php(591): Illuminate\\Container\\BoundMethod::call(Object(Illuminate\\Foundation\\Application), Array, Array, NULL)
#12 /home/vagrant/Laravel/swanseafootballers/vendor/laravel/framework/src/Illuminate/Database/Seeder.php(134): Illuminate\\Container\\Container->call(Array)
#13 /home/vagrant/Laravel/swanseafootballers/vendor/laravel/framework/src/Illuminate/Database/Console/Seeds/SeedCommand.php(63): Illuminate\\Database\\Seeder->__invoke()
#14 /home/vagrant/Laravel/swanseafootballers/vendor/laravel/framework/src/Illuminate/Database/Eloquent/Concerns/GuardsAttributes.php(122): Illuminate\\Database\\Console\\Seeds\\SeedCommand->Illuminate\\Database\\Console\\Seeds\\{closure}()
#15 /home/vagrant/Laravel/swanseafootballers/vendor/laravel/framework/src/Illuminate/Database/Console/Seeds/SeedCommand.php(64): Illuminate\\Database\\Eloquent\\Model::unguarded(Object(Closure))
#16 [internal function]: Illuminate\\Database\\Console\\Seeds\\SeedCommand->handle()
#17 /home/vagrant/Laravel/swanseafootballers/vendor/laravel/framework/src/Illuminate/Container/BoundMethod.php(32): call_user_func_array(Array, Array)
#18 /home/vagrant/Laravel/swanseafootballers/vendor/laravel/framework/src/Illuminate/Support/helpers.php(520): Illuminate\\Container\\BoundMethod::Illuminate\\Container\\{closure}()
#19 /home/vagrant/Laravel/swanseafootballers/vendor/laravel/framework/src/Illuminate/Container/BoundMethod.php(90): value(Object(Closure))
#20 /home/vagrant/Laravel/swanseafootballers/vendor/laravel/framework/src/Illuminate/Container/BoundMethod.php(34): Illuminate\\Container\\BoundMethod::callBoundMethod(Object(Illuminate\\Foundation\\Application), Array, Object(Closure))
#21 /home/vagrant/Laravel/swanseafootballers/vendor/laravel/framework/src/Illuminate/Container/Container.php(591): Illuminate\\Container\\BoundMethod::call(Object(Illuminate\\Foundation\\Application), Array, Array, NULL)
#22 /home/vagrant/Laravel/swanseafootballers/vendor/laravel/framework/src/Illuminate/Console/Command.php(202): Illuminate\\Container\\Container->call(Array)
#23 /home/vagrant/Laravel/swanseafootballers/vendor/symfony/console/Command/Command.php(255): Illuminate\\Console\\Command->execute(Object(Symfony\\Component\\Console\\Input\\ArrayInput), Object(Illuminate\\Console\\OutputStyle))
#24 /home/vagrant/Laravel/swanseafootballers/vendor/laravel/framework/src/Illuminate/Console/Command.php(189): Symfony\\Component\\Console\\Command\\Command->run(Object(Symfony\\Component\\Console\\Input\\ArrayInput), Object(Illuminate\\Console\\OutputStyle))
#25 /home/vagrant/Laravel/swanseafootballers/vendor/laravel/framework/src/Illuminate/Console/Command.php(242): Illuminate\\Console\\Command->run(Object(Symfony\\Component\\Console\\Input\\ArrayInput), Object(Illuminate\\Console\\OutputStyle))
#26 /home/vagrant/Laravel/swanseafootballers/vendor/laravel/framework/src/Illuminate/Console/Command.php(214): Illuminate\\Console\\Command->runCommand('db:seed', Array, Object(Illuminate\\Console\\OutputStyle))
#27 /home/vagrant/Laravel/swanseafootballers/vendor/laravel/framework/src/Illuminate/Database/Console/Migrations/FreshCommand.php(79): Illuminate\\Console\\Command->call('db:seed', Array)
#28 /home/vagrant/Laravel/swanseafootballers/vendor/laravel/framework/src/Illuminate/Database/Console/Migrations/FreshCommand.php(56): Illuminate\\Database\\Console\\Migrations\\FreshCommand->runSeeder(NULL)
#29 [internal function]: Illuminate\\Database\\Console\\Migrations\\FreshCommand->handle()
#30 /home/vagrant/Laravel/swanseafootballers/vendor/laravel/framework/src/Illuminate/Container/BoundMethod.php(32): call_user_func_array(Array, Array)
#31 /home/vagrant/Laravel/swanseafootballers/vendor/laravel/framework/src/Illuminate/Support/helpers.php(520): Illuminate\\Container\\BoundMethod::Illuminate\\Container\\{closure}()
#32 /home/vagrant/Laravel/swanseafootballers/vendor/laravel/framework/src/Illuminate/Container/BoundMethod.php(90): value(Object(Closure))
#33 /home/vagrant/Laravel/swanseafootballers/vendor/laravel/framework/src/Illuminate/Container/BoundMethod.php(34): Illuminate\\Container\\BoundMethod::callBoundMethod(Object(Illuminate\\Foundation\\Application), Array, Object(Closure))
#34 /home/vagrant/Laravel/swanseafootballers/vendor/laravel/framework/src/Illuminate/Container/Container.php(591): Illuminate\\Container\\BoundMethod::call(Object(Illuminate\\Foundation\\Application), Array, Array, NULL)
#35 /home/vagrant/Laravel/swanseafootballers/vendor/laravel/framework/src/Illuminate/Console/Command.php(202): Illuminate\\Container\\Container->call(Array)
#36 /home/vagrant/Laravel/swanseafootballers/vendor/symfony/console/Command/Command.php(255): Illuminate\\Console\\Command->execute(Object(Symfony\\Component\\Console\\Input\\ArgvInput), Object(Illuminate\\Console\\OutputStyle))
#37 /home/vagrant/Laravel/swanseafootballers/vendor/laravel/framework/src/Illuminate/Console/Command.php(189): Symfony\\Component\\Console\\Command\\Command->run(Object(Symfony\\Component\\Console\\Input\\ArgvInput), Object(Illuminate\\Console\\OutputStyle))
#38 /home/vagrant/Laravel/swanseafootballers/vendor/symfony/console/Application.php(934): Illuminate\\Console\\Command->run(Object(Symfony\\Component\\Console\\Input\\ArgvInput), Object(Symfony\\Component\\Console\\Output\\ConsoleOutput))
#39 /home/vagrant/Laravel/swanseafootballers/vendor/symfony/console/Application.php(273): Symfony\\Component\\Console\\Application->doRunCommand(Object(Illuminate\\Database\\Console\\Migrations\\FreshCommand), Object(Symfony\\Component\\Console\\Input\\ArgvInput), Object(Symfony\\Component\\Console\\Output\\ConsoleOutput))
#40 /home/vagrant/Laravel/swanseafootballers/vendor/symfony/console/Application.php(149): Symfony\\Component\\Console\\Application->doRun(Object(Symfony\\Component\\Console\\Input\\ArgvInput), Object(Symfony\\Component\\Console\\Output\\ConsoleOutput))
#41 /home/vagrant/Laravel/swanseafootballers/vendor/laravel/framework/src/Illuminate/Console/Application.php(90): Symfony\\Component\\Console\\Application->run(Object(Symfony\\Component\\Console\\Input\\ArgvInput), Object(Symfony\\Component\\Console\\Output\\ConsoleOutput))
#42 /home/vagrant/Laravel/swanseafootballers/vendor/laravel/framework/src/Illuminate/Foundation/Console/Kernel.php(131): Illuminate\\Console\\Application->run(Object(Symfony\\Component\\Console\\Input\\ArgvInput), Object(Symfony\\Component\\Console\\Output\\ConsoleOutput))
#43 /home/vagrant/Laravel/swanseafootballers/artisan(37): Illuminate\\Foundation\\Console\\Kernel->handle(Object(Symfony\\Component\\Console\\Input\\ArgvInput), Object(Symfony\\Component\\Console\\Output\\ConsoleOutput))
#44 {main}

[previous exception] [object] (ReflectionException(code: -1): Class CoachTableSeeder does not exist at /home/vagrant/Laravel/swanseafootballers/vendor/laravel/framework/src/Illuminate/Container/Container.php:804)
[stacktrace]
#0 /home/vagrant/Laravel/swanseafootballers/vendor/laravel/framework/src/Illuminate/Container/Container.php(804): ReflectionClass->__construct('CoachTableSeede...')
#1 /home/vagrant/Laravel/swanseafootballers/vendor/laravel/framework/src/Illuminate/Container/Container.php(682): Illuminate\\Container\\Container->build('CoachTableSeede...')
#2 /home/vagrant/Laravel/swanseafootballers/vendor/laravel/framework/src/Illuminate/Container/Container.php(630): Illuminate\\Container\\Container->resolve('CoachTableSeede...', Array)
#3 /home/vagrant/Laravel/swanseafootballers/vendor/laravel/framework/src/Illuminate/Foundation/Application.php(768): Illuminate\\Container\\Container->make('CoachTableSeede...', Array)
#4 /home/vagrant/Laravel/swanseafootballers/vendor/laravel/framework/src/Illuminate/Database/Seeder.php(80): Illuminate\\Foundation\\Application->make('CoachTableSeede...')
#5 /home/vagrant/Laravel/swanseafootballers/vendor/laravel/framework/src/Illuminate/Database/Seeder.php(38): Illuminate\\Database\\Seeder->resolve('CoachTableSeede...')
#6 /home/vagrant/Laravel/swanseafootballers/database/seeds/DatabaseSeeder.php(14): Illuminate\\Database\\Seeder->call('CoachTableSeede...')
#7 [internal function]: DatabaseSeeder->run()
#8 /home/vagrant/Laravel/swanseafootballers/vendor/laravel/framework/src/Illuminate/Container/BoundMethod.php(32): call_user_func_array(Array, Array)
#9 /home/vagrant/Laravel/swanseafootballers/vendor/laravel/framework/src/Illuminate/Support/helpers.php(520): Illuminate\\Container\\BoundMethod::Illuminate\\Container\\{closure}()
#10 /home/vagrant/Laravel/swanseafootballers/vendor/laravel/framework/src/Illuminate/Container/BoundMethod.php(90): value(Object(Closure))
#11 /home/vagrant/Laravel/swanseafootballers/vendor/laravel/framework/src/Illuminate/Container/BoundMethod.php(34): Illuminate\\Container\\BoundMethod::callBoundMethod(Object(Illuminate\\Foundation\\Application), Array, Object(Closure))
#12 /home/vagrant/Laravel/swanseafootballers/vendor/laravel/framework/src/Illuminate/Container/Container.php(591): Illuminate\\Container\\BoundMethod::call(Object(Illuminate\\Foundation\\Application), Array, Array, NULL)
#13 /home/vagrant/Laravel/swanseafootballers/vendor/laravel/framework/src/Illuminate/Database/Seeder.php(134): Illuminate\\Container\\Container->call(Array)
#14 /home/vagrant/Laravel/swanseafootballers/vendor/laravel/framework/src/Illuminate/Database/Console/Seeds/SeedCommand.php(63): Illuminate\\Database\\Seeder->__invoke()
#15 /home/vagrant/Laravel/swanseafootballers/vendor/laravel/framework/src/Illuminate/Database/Eloquent/Concerns/GuardsAttributes.php(122): Illuminate\\Database\\Console\\Seeds\\SeedCommand->Illuminate\\Database\\Console\\Seeds\\{closure}()
#16 /home/vagrant/Laravel/swanseafootballers/vendor/laravel/framework/src/Illuminate/Database/Console/Seeds/SeedCommand.php(64): Illuminate\\Database\\Eloquent\\Model::unguarded(Object(Closure))
#17 [internal function]: Illuminate\\Database\\Console\\Seeds\\SeedCommand->handle()
#18 /home/vagrant/Laravel/swanseafootballers/vendor/laravel/framework/src/Illuminate/Container/BoundMethod.php(32): call_user_func_array(Array, Array)
#19 /home/vagrant/Laravel/swanseafootballers/vendor/laravel/framework/src/Illuminate/Support/helpers.php(520): Illuminate\\Container\\BoundMethod::Illuminate\\Container\\{closure}()
#20 /home/vagrant/Laravel/swanseafootballers/vendor/laravel/framework/src/Illuminate/Container/BoundMethod.php(90): value(Object(Closure))
#21 /home/vagrant/Laravel/swanseafootballers/vendor/laravel/framework/src/Illuminate/Container/BoundMethod.php(34): Illuminate\\Container\\BoundMethod::callBoundMethod(Object(Illuminate\\Foundation\\Application), Array, Object(Closure))
#22 /home/vagrant/Laravel/swanseafootballers/vendor/laravel/framework/src/Illuminate/Container/Container.php(591): Illuminate\\Container\\BoundMethod::call(Object(Illuminate\\Foundation\\Application), Array, Array, NULL)
#23 /home/vagrant/Laravel/swanseafootballers/vendor/laravel/framework/src/Illuminate/Console/Command.php(202): Illuminate\\Container\\Container->call(Array)
#24 /home/vagrant/Laravel/swanseafootballers/vendor/symfony/console/Command/Command.php(255): Illuminate\\Console\\Command->execute(Object(Symfony\\Component\\Console\\Input\\ArrayInput), Object(Illuminate\\Console\\OutputStyle))
#25 /home/vagrant/Laravel/swanseafootballers/vendor/laravel/framework/src/Illuminate/Console/Command.php(189): Symfony\\Component\\Console\\Command\\Command->run(Object(Symfony\\Component\\Console\\Input\\ArrayInput), Object(Illuminate\\Console\\OutputStyle))
#26 /home/vagrant/Laravel/swanseafootballers/vendor/laravel/framework/src/Illuminate/Console/Command.php(242): Illuminate\\Console\\Command->run(Object(Symfony\\Component\\Console\\Input\\ArrayInput), Object(Illuminate\\Console\\OutputStyle))
#27 /home/vagrant/Laravel/swanseafootballers/vendor/laravel/framework/src/Illuminate/Console/Command.php(214): Illuminate\\Console\\Command->runCommand('db:seed', Array, Object(Illuminate\\Console\\OutputStyle))
#28 /home/vagrant/Laravel/swanseafootballers/vendor/laravel/framework/src/Illuminate/Database/Console/Migrations/FreshCommand.php(79): Illuminate\\Console\\Command->call('db:seed', Array)
#29 /home/vagrant/Laravel/swanseafootballers/vendor/laravel/framework/src/Illuminate/Database/Console/Migrations/FreshCommand.php(56): Illuminate\\Database\\Console\\Migrations\\FreshCommand->runSeeder(NULL)
#30 [internal function]: Illuminate\\Database\\Console\\Migrations\\FreshCommand->handle()
#31 /home/vagrant/Laravel/swanseafootballers/vendor/laravel/framework/src/Illuminate/Container/BoundMethod.php(32): call_user_func_array(Array, Array)
#32 /home/vagrant/Laravel/swanseafootballers/vendor/laravel/framework/src/Illuminate/Support/helpers.php(520): Illuminate\\Container\\BoundMethod::Illuminate\\Container\\{closure}()
#33 /home/vagrant/Laravel/swanseafootballers/vendor/laravel/framework/src/Illuminate/Container/BoundMethod.php(90): value(Object(Closure))
#34 /home/vagrant/Laravel/swanseafootballers/vendor/laravel/framework/src/Illuminate/Container/BoundMethod.php(34): Illuminate\\Container\\BoundMethod::callBoundMethod(Object(Illuminate\\Foundation\\Application), Array, Object(Closure))
#35 /home/vagrant/Laravel/swanseafootballers/vendor/laravel/framework/src/Illuminate/Container/Container.php(591): Illuminate\\Container\\BoundMethod::call(Object(Illuminate\\Foundation\\Application), Array, Array, NULL)
#36 /home/vagrant/Laravel/swanseafootballers/vendor/laravel/framework/src/Illuminate/Console/Command.php(202): Illuminate\\Container\\Container->call(Array)
#37 /home/vagrant/Laravel/swanseafootballers/vendor/symfony/console/Command/Command.php(255): Illuminate\\Console\\Command->execute(Object(Symfony\\Component\\Console\\Input\\ArgvInput), Object(Illuminate\\Console\\OutputStyle))
#38 /home/vagrant/Laravel/swanseafootballers/vendor/laravel/framework/src/Illuminate/Console/Command.php(189): Symfony\\Component\\Console\\Command\\Command->run(Object(Symfony\\Component\\Console\\Input\\ArgvInput), Object(Illuminate\\Console\\OutputStyle))
#39 /home/vagrant/Laravel/swanseafootballers/vendor/symfony/console/Application.php(934): Illuminate\\Console\\Command->run(Object(Symfony\\Component\\Console\\Input\\ArgvInput), Object(Symfony\\Component\\Console\\Output\\ConsoleOutput))
#40 /home/vagrant/Laravel/swanseafootballers/vendor/symfony/console/Application.php(273): Symfony\\Component\\Console\\Application->doRunCommand(Object(Illuminate\\Database\\Console\\Migrations\\FreshCommand), Object(Symfony\\Component\\Console\\Input\\ArgvInput), Object(Symfony\\Component\\Console\\Output\\ConsoleOutput))
#41 /home/vagrant/Laravel/swanseafootballers/vendor/symfony/console/Application.php(149): Symfony\\Component\\Console\\Application->doRun(Object(Symfony\\Component\\Console\\Input\\ArgvInput), Object(Symfony\\Component\\Console\\Output\\ConsoleOutput))
#42 /home/vagrant/Laravel/swanseafootballers/vendor/laravel/framework/src/Illuminate/Console/Application.php(90): Symfony\\Component\\Console\\Application->run(Object(Symfony\\Component\\Console\\Input\\ArgvInput), Object(Symfony\\Component\\Console\\Output\\ConsoleOutput))
#43 /home/vagrant/Laravel/swanseafootballers/vendor/laravel/framework/src/Illuminate/Foundation/Console/Kernel.php(131): Illuminate\\Console\\Application->run(Object(Symfony\\Component\\Console\\Input\\ArgvInput), Object(Symfony\\Component\\Console\\Output\\ConsoleOutput))
#44 /home/vagrant/Laravel/swanseafootballers/artisan(37): Illuminate\\Foundation\\Console\\Kernel->handle(Object(Symfony\\Component\\Console\\Input\\ArgvInput), Object(Symfony\\Component\\Console\\Output\\ConsoleOutput))
#45 {main}
"} 
[2019-12-15 22:18:57] local.ERROR: Target class [CoachTableSeeder] does not exist. {"exception":"[object] (Illuminate\\Contracts\\Container\\BindingResolutionException(code: 0): Target class [CoachTableSeeder] does not exist. at /home/vagrant/Laravel/swanseafootballers/vendor/laravel/framework/src/Illuminate/Container/Container.php:806)
[stacktrace]
#0 /home/vagrant/Laravel/swanseafootballers/vendor/laravel/framework/src/Illuminate/Container/Container.php(682): Illuminate\\Container\\Container->build('CoachTableSeede...')
#1 /home/vagrant/Laravel/swanseafootballers/vendor/laravel/framework/src/Illuminate/Container/Container.php(630): Illuminate\\Container\\Container->resolve('CoachTableSeede...', Array)
#2 /home/vagrant/Laravel/swanseafootballers/vendor/laravel/framework/src/Illuminate/Foundation/Application.php(768): Illuminate\\Container\\Container->make('CoachTableSeede...', Array)
#3 /home/vagrant/Laravel/swanseafootballers/vendor/laravel/framework/src/Illuminate/Database/Seeder.php(80): Illuminate\\Foundation\\Application->make('CoachTableSeede...')
#4 /home/vagrant/Laravel/swanseafootballers/vendor/laravel/framework/src/Illuminate/Database/Seeder.php(38): Illuminate\\Database\\Seeder->resolve('CoachTableSeede...')
#5 /home/vagrant/Laravel/swanseafootballers/database/seeds/DatabaseSeeder.php(14): Illuminate\\Database\\Seeder->call('CoachTableSeede...')
#6 [internal function]: DatabaseSeeder->run()
#7 /home/vagrant/Laravel/swanseafootballers/vendor/laravel/framework/src/Illuminate/Container/BoundMethod.php(32): call_user_func_array(Array, Array)
#8 /home/vagrant/Laravel/swanseafootballers/vendor/laravel/framework/src/Illuminate/Support/helpers.php(520): Illuminate\\Container\\BoundMethod::Illuminate\\Container\\{closure}()
#9 /home/vagrant/Laravel/swanseafootballers/vendor/laravel/framework/src/Illuminate/Container/BoundMethod.php(90): value(Object(Closure))
#10 /home/vagrant/Laravel/swanseafootballers/vendor/laravel/framework/src/Illuminate/Container/BoundMethod.php(34): Illuminate\\Container\\BoundMethod::callBoundMethod(Object(Illuminate\\Foundation\\Application), Array, Object(Closure))
#11 /home/vagrant/Laravel/swanseafootballers/vendor/laravel/framework/src/Illuminate/Container/Container.php(591): Illuminate\\Container\\BoundMethod::call(Object(Illuminate\\Foundation\\Application), Array, Array, NULL)
#12 /home/vagrant/Laravel/swanseafootballers/vendor/laravel/framework/src/Illuminate/Database/Seeder.php(134): Illuminate\\Container\\Container->call(Array)
#13 /home/vagrant/Laravel/swanseafootballers/vendor/laravel/framework/src/Illuminate/Database/Console/Seeds/SeedCommand.php(63): Illuminate\\Database\\Seeder->__invoke()
#14 /home/vagrant/Laravel/swanseafootballers/vendor/laravel/framework/src/Illuminate/Database/Eloquent/Concerns/GuardsAttributes.php(122): Illuminate\\Database\\Console\\Seeds\\SeedCommand->Illuminate\\Database\\Console\\Seeds\\{closure}()
#15 /home/vagrant/Laravel/swanseafootballers/vendor/laravel/framework/src/Illuminate/Database/Console/Seeds/SeedCommand.php(64): Illuminate\\Database\\Eloquent\\Model::unguarded(Object(Closure))
#16 [internal function]: Illuminate\\Database\\Console\\Seeds\\SeedCommand->handle()
#17 /home/vagrant/Laravel/swanseafootballers/vendor/laravel/framework/src/Illuminate/Container/BoundMethod.php(32): call_user_func_array(Array, Array)
#18 /home/vagrant/Laravel/swanseafootballers/vendor/laravel/framework/src/Illuminate/Support/helpers.php(520): Illuminate\\Container\\BoundMethod::Illuminate\\Container\\{closure}()
#19 /home/vagrant/Laravel/swanseafootballers/vendor/laravel/framework/src/Illuminate/Container/BoundMethod.php(90): value(Object(Closure))
#20 /home/vagrant/Laravel/swanseafootballers/vendor/laravel/framework/src/Illuminate/Container/BoundMethod.php(34): Illuminate\\Container\\BoundMethod::callBoundMethod(Object(Illuminate\\Foundation\\Application), Array, Object(Closure))
#21 /home/vagrant/Laravel/swanseafootballers/vendor/laravel/framework/src/Illuminate/Container/Container.php(591): Illuminate\\Container\\BoundMethod::call(Object(Illuminate\\Foundation\\Application), Array, Array, NULL)
#22 /home/vagrant/Laravel/swanseafootballers/vendor/laravel/framework/src/Illuminate/Console/Command.php(202): Illuminate\\Container\\Container->call(Array)
#23 /home/vagrant/Laravel/swanseafootballers/vendor/symfony/console/Command/Command.php(255): Illuminate\\Console\\Command->execute(Object(Symfony\\Component\\Console\\Input\\ArrayInput), Object(Illuminate\\Console\\OutputStyle))
#24 /home/vagrant/Laravel/swanseafootballers/vendor/laravel/framework/src/Illuminate/Console/Command.php(189): Symfony\\Component\\Console\\Command\\Command->run(Object(Symfony\\Component\\Console\\Input\\ArrayInput), Object(Illuminate\\Console\\OutputStyle))
#25 /home/vagrant/Laravel/swanseafootballers/vendor/laravel/framework/src/Illuminate/Console/Command.php(242): Illuminate\\Console\\Command->run(Object(Symfony\\Component\\Console\\Input\\ArrayInput), Object(Illuminate\\Console\\OutputStyle))
#26 /home/vagrant/Laravel/swanseafootballers/vendor/laravel/framework/src/Illuminate/Console/Command.php(214): Illuminate\\Console\\Command->runCommand('db:seed', Array, Object(Illuminate\\Console\\OutputStyle))
#27 /home/vagrant/Laravel/swanseafootballers/vendor/laravel/framework/src/Illuminate/Database/Console/Migrations/FreshCommand.php(79): Illuminate\\Console\\Command->call('db:seed', Array)
#28 /home/vagrant/Laravel/swanseafootballers/vendor/laravel/framework/src/Illuminate/Database/Console/Migrations/FreshCommand.php(56): Illuminate\\Database\\Console\\Migrations\\FreshCommand->runSeeder(NULL)
#29 [internal function]: Illuminate\\Database\\Console\\Migrations\\FreshCommand->handle()
#30 /home/vagrant/Laravel/swanseafootballers/vendor/laravel/framework/src/Illuminate/Container/BoundMethod.php(32): call_user_func_array(Array, Array)
#31 /home/vagrant/Laravel/swanseafootballers/vendor/laravel/framework/src/Illuminate/Support/helpers.php(520): Illuminate\\Container\\BoundMethod::Illuminate\\Container\\{closure}()
#32 /home/vagrant/Laravel/swanseafootballers/vendor/laravel/framework/src/Illuminate/Container/BoundMethod.php(90): value(Object(Closure))
#33 /home/vagrant/Laravel/swanseafootballers/vendor/laravel/framework/src/Illuminate/Container/BoundMethod.php(34): Illuminate\\Container\\BoundMethod::callBoundMethod(Object(Illuminate\\Foundation\\Application), Array, Object(Closure))
#34 /home/vagrant/Laravel/swanseafootballers/vendor/laravel/framework/src/Illuminate/Container/Container.php(591): Illuminate\\Container\\BoundMethod::call(Object(Illuminate\\Foundation\\Application), Array, Array, NULL)
#35 /home/vagrant/Laravel/swanseafootballers/vendor/laravel/framework/src/Illuminate/Console/Command.php(202): Illuminate\\Container\\Container->call(Array)
#36 /home/vagrant/Laravel/swanseafootballers/vendor/symfony/console/Command/Command.php(255): Illuminate\\Console\\Command->execute(Object(Symfony\\Component\\Console\\Input\\ArgvInput), Object(Illuminate\\Console\\OutputStyle))
#37 /home/vagrant/Laravel/swanseafootballers/vendor/laravel/framework/src/Illuminate/Console/Command.php(189): Symfony\\Component\\Console\\Command\\Command->run(Object(Symfony\\Component\\Console\\Input\\ArgvInput), Object(Illuminate\\Console\\OutputStyle))
#38 /home/vagrant/Laravel/swanseafootballers/vendor/symfony/console/Application.php(934): Illuminate\\Console\\Command->run(Object(Symfony\\Component\\Console\\Input\\ArgvInput), Object(Symfony\\Component\\Console\\Output\\ConsoleOutput))
#39 /home/vagrant/Laravel/swanseafootballers/vendor/symfony/console/Application.php(273): Symfony\\Component\\Console\\Application->doRunCommand(Object(Illuminate\\Database\\Console\\Migrations\\FreshCommand), Object(Symfony\\Component\\Console\\Input\\ArgvInput), Object(Symfony\\Component\\Console\\Output\\ConsoleOutput))
#40 /home/vagrant/Laravel/swanseafootballers/vendor/symfony/console/Application.php(149): Symfony\\Component\\Console\\Application->doRun(Object(Symfony\\Component\\Console\\Input\\ArgvInput), Object(Symfony\\Component\\Console\\Output\\ConsoleOutput))
#41 /home/vagrant/Laravel/swanseafootballers/vendor/laravel/framework/src/Illuminate/Console/Application.php(90): Symfony\\Component\\Console\\Application->run(Object(Symfony\\Component\\Console\\Input\\ArgvInput), Object(Symfony\\Component\\Console\\Output\\ConsoleOutput))
#42 /home/vagrant/Laravel/swanseafootballers/vendor/laravel/framework/src/Illuminate/Foundation/Console/Kernel.php(131): Illuminate\\Console\\Application->run(Object(Symfony\\Component\\Console\\Input\\ArgvInput), Object(Symfony\\Component\\Console\\Output\\ConsoleOutput))
#43 /home/vagrant/Laravel/swanseafootballers/artisan(37): Illuminate\\Foundation\\Console\\Kernel->handle(Object(Symfony\\Component\\Console\\Input\\ArgvInput), Object(Symfony\\Component\\Console\\Output\\ConsoleOutput))
#44 {main}

[previous exception] [object] (ReflectionException(code: -1): Class CoachTableSeeder does not exist at /home/vagrant/Laravel/swanseafootballers/vendor/laravel/framework/src/Illuminate/Container/Container.php:804)
[stacktrace]
#0 /home/vagrant/Laravel/swanseafootballers/vendor/laravel/framework/src/Illuminate/Container/Container.php(804): ReflectionClass->__construct('CoachTableSeede...')
#1 /home/vagrant/Laravel/swanseafootballers/vendor/laravel/framework/src/Illuminate/Container/Container.php(682): Illuminate\\Container\\Container->build('CoachTableSeede...')
#2 /home/vagrant/Laravel/swanseafootballers/vendor/laravel/framework/src/Illuminate/Container/Container.php(630): Illuminate\\Container\\Container->resolve('CoachTableSeede...', Array)
#3 /home/vagrant/Laravel/swanseafootballers/vendor/laravel/framework/src/Illuminate/Foundation/Application.php(768): Illuminate\\Container\\Container->make('CoachTableSeede...', Array)
#4 /home/vagrant/Laravel/swanseafootballers/vendor/laravel/framework/src/Illuminate/Database/Seeder.php(80): Illuminate\\Foundation\\Application->make('CoachTableSeede...')
#5 /home/vagrant/Laravel/swanseafootballers/vendor/laravel/framework/src/Illuminate/Database/Seeder.php(38): Illuminate\\Database\\Seeder->resolve('CoachTableSeede...')
#6 /home/vagrant/Laravel/swanseafootballers/database/seeds/DatabaseSeeder.php(14): Illuminate\\Database\\Seeder->call('CoachTableSeede...')
#7 [internal function]: DatabaseSeeder->run()
#8 /home/vagrant/Laravel/swanseafootballers/vendor/laravel/framework/src/Illuminate/Container/BoundMethod.php(32): call_user_func_array(Array, Array)
#9 /home/vagrant/Laravel/swanseafootballers/vendor/laravel/framework/src/Illuminate/Support/helpers.php(520): Illuminate\\Container\\BoundMethod::Illuminate\\Container\\{closure}()
#10 /home/vagrant/Laravel/swanseafootballers/vendor/laravel/framework/src/Illuminate/Container/BoundMethod.php(90): value(Object(Closure))
#11 /home/vagrant/Laravel/swanseafootballers/vendor/laravel/framework/src/Illuminate/Container/BoundMethod.php(34): Illuminate\\Container\\BoundMethod::callBoundMethod(Object(Illuminate\\Foundation\\Application), Array, Object(Closure))
#12 /home/vagrant/Laravel/swanseafootballers/vendor/laravel/framework/src/Illuminate/Container/Container.php(591): Illuminate\\Container\\BoundMethod::call(Object(Illuminate\\Foundation\\Application), Array, Array, NULL)
#13 /home/vagrant/Laravel/swanseafootballers/vendor/laravel/framework/src/Illuminate/Database/Seeder.php(134): Illuminate\\Container\\Container->call(Array)
#14 /home/vagrant/Laravel/swanseafootballers/vendor/laravel/framework/src/Illuminate/Database/Console/Seeds/SeedCommand.php(63): Illuminate\\Database\\Seeder->__invoke()
#15 /home/vagrant/Laravel/swanseafootballers/vendor/laravel/framework/src/Illuminate/Database/Eloquent/Concerns/GuardsAttributes.php(122): Illuminate\\Database\\Console\\Seeds\\SeedCommand->Illuminate\\Database\\Console\\Seeds\\{closure}()
#16 /home/vagrant/Laravel/swanseafootballers/vendor/laravel/framework/src/Illuminate/Database/Console/Seeds/SeedCommand.php(64): Illuminate\\Database\\Eloquent\\Model::unguarded(Object(Closure))
#17 [internal function]: Illuminate\\Database\\Console\\Seeds\\SeedCommand->handle()
#18 /home/vagrant/Laravel/swanseafootballers/vendor/laravel/framework/src/Illuminate/Container/BoundMethod.php(32): call_user_func_array(Array, Array)
#19 /home/vagrant/Laravel/swanseafootballers/vendor/laravel/framework/src/Illuminate/Support/helpers.php(520): Illuminate\\Container\\BoundMethod::Illuminate\\Container\\{closure}()
#20 /home/vagrant/Laravel/swanseafootballers/vendor/laravel/framework/src/Illuminate/Container/BoundMethod.php(90): value(Object(Closure))
#21 /home/vagrant/Laravel/swanseafootballers/vendor/laravel/framework/src/Illuminate/Container/BoundMethod.php(34): Illuminate\\Container\\BoundMethod::callBoundMethod(Object(Illuminate\\Foundation\\Application), Array, Object(Closure))
#22 /home/vagrant/Laravel/swanseafootballers/vendor/laravel/framework/src/Illuminate/Container/Container.php(591): Illuminate\\Container\\BoundMethod::call(Object(Illuminate\\Foundation\\Application), Array, Array, NULL)
#23 /home/vagrant/Laravel/swanseafootballers/vendor/laravel/framework/src/Illuminate/Console/Command.php(202): Illuminate\\Container\\Container->call(Array)
#24 /home/vagrant/Laravel/swanseafootballers/vendor/symfony/console/Command/Command.php(255): Illuminate\\Console\\Command->execute(Object(Symfony\\Component\\Console\\Input\\ArrayInput), Object(Illuminate\\Console\\OutputStyle))
#25 /home/vagrant/Laravel/swanseafootballers/vendor/laravel/framework/src/Illuminate/Console/Command.php(189): Symfony\\Component\\Console\\Command\\Command->run(Object(Symfony\\Component\\Console\\Input\\ArrayInput), Object(Illuminate\\Console\\OutputStyle))
#26 /home/vagrant/Laravel/swanseafootballers/vendor/laravel/framework/src/Illuminate/Console/Command.php(242): Illuminate\\Console\\Command->run(Object(Symfony\\Component\\Console\\Input\\ArrayInput), Object(Illuminate\\Console\\OutputStyle))
#27 /home/vagrant/Laravel/swanseafootballers/vendor/laravel/framework/src/Illuminate/Console/Command.php(214): Illuminate\\Console\\Command->runCommand('db:seed', Array, Object(Illuminate\\Console\\OutputStyle))
#28 /home/vagrant/Laravel/swanseafootballers/vendor/laravel/framework/src/Illuminate/Database/Console/Migrations/FreshCommand.php(79): Illuminate\\Console\\Command->call('db:seed', Array)
#29 /home/vagrant/Laravel/swanseafootballers/vendor/laravel/framework/src/Illuminate/Database/Console/Migrations/FreshCommand.php(56): Illuminate\\Database\\Console\\Migrations\\FreshCommand->runSeeder(NULL)
#30 [internal function]: Illuminate\\Database\\Console\\Migrations\\FreshCommand->handle()
#31 /home/vagrant/Laravel/swanseafootballers/vendor/laravel/framework/src/Illuminate/Container/BoundMethod.php(32): call_user_func_array(Array, Array)
#32 /home/vagrant/Laravel/swanseafootballers/vendor/laravel/framework/src/Illuminate/Support/helpers.php(520): Illuminate\\Container\\BoundMethod::Illuminate\\Container\\{closure}()
#33 /home/vagrant/Laravel/swanseafootballers/vendor/laravel/framework/src/Illuminate/Container/BoundMethod.php(90): value(Object(Closure))
#34 /home/vagrant/Laravel/swanseafootballers/vendor/laravel/framework/src/Illuminate/Container/BoundMethod.php(34): Illuminate\\Container\\BoundMethod::callBoundMethod(Object(Illuminate\\Foundation\\Application), Array, Object(Closure))
#35 /home/vagrant/Laravel/swanseafootballers/vendor/laravel/framework/src/Illuminate/Container/Container.php(591): Illuminate\\Container\\BoundMethod::call(Object(Illuminate\\Foundation\\Application), Array, Array, NULL)
#36 /home/vagrant/Laravel/swanseafootballers/vendor/laravel/framework/src/Illuminate/Console/Command.php(202): Illuminate\\Container\\Container->call(Array)
#37 /home/vagrant/Laravel/swanseafootballers/vendor/symfony/console/Command/Command.php(255): Illuminate\\Console\\Command->execute(Object(Symfony\\Component\\Console\\Input\\ArgvInput), Object(Illuminate\\Console\\OutputStyle))
#38 /home/vagrant/Laravel/swanseafootballers/vendor/laravel/framework/src/Illuminate/Console/Command.php(189): Symfony\\Component\\Console\\Command\\Command->run(Object(Symfony\\Component\\Console\\Input\\ArgvInput), Object(Illuminate\\Console\\OutputStyle))
#39 /home/vagrant/Laravel/swanseafootballers/vendor/symfony/console/Application.php(934): Illuminate\\Console\\Command->run(Object(Symfony\\Component\\Console\\Input\\ArgvInput), Object(Symfony\\Component\\Console\\Output\\ConsoleOutput))
#40 /home/vagrant/Laravel/swanseafootballers/vendor/symfony/console/Application.php(273): Symfony\\Component\\Console\\Application->doRunCommand(Object(Illuminate\\Database\\Console\\Migrations\\FreshCommand), Object(Symfony\\Component\\Console\\Input\\ArgvInput), Object(Symfony\\Component\\Console\\Output\\ConsoleOutput))
#41 /home/vagrant/Laravel/swanseafootballers/vendor/symfony/console/Application.php(149): Symfony\\Component\\Console\\Application->doRun(Object(Symfony\\Component\\Console\\Input\\ArgvInput), Object(Symfony\\Component\\Console\\Output\\ConsoleOutput))
#42 /home/vagrant/Laravel/swanseafootballers/vendor/laravel/framework/src/Illuminate/Console/Application.php(90): Symfony\\Component\\Console\\Application->run(Object(Symfony\\Component\\Console\\Input\\ArgvInput), Object(Symfony\\Component\\Console\\Output\\ConsoleOutput))
#43 /home/vagrant/Laravel/swanseafootballers/vendor/laravel/framework/src/Illuminate/Foundation/Console/Kernel.php(131): Illuminate\\Console\\Application->run(Object(Symfony\\Component\\Console\\Input\\ArgvInput), Object(Symfony\\Component\\Console\\Output\\ConsoleOutput))
#44 /home/vagrant/Laravel/swanseafootballers/artisan(37): Illuminate\\Foundation\\Console\\Kernel->handle(Object(Symfony\\Component\\Console\\Input\\ArgvInput), Object(Symfony\\Component\\Console\\Output\\ConsoleOutput))
#45 {main}
"} 
